app/build/intermediates/manifest_merge_blame_file/debug/manifest-merger-blame-debug-report.txt
1<?xml version="1.0" encoding="utf-8"?>
2<manifest xmlns:android="http://schemas.android.com/apk/res/android"
3    package="com.azhar.moviedb"
4    android:versionCode="1"
5    android:versionName="1.0" >
6
7    <uses-sdk
8        android:minSdkVersion="21"
8-->src\main\AndroidManifest.xml
9        android:targetSdkVersion="29" />
9-->src\main\AndroidManifest.xml
10
11    <uses-permission android:name="android.permission.INTERNET" />
11-->src\main\AndroidManifest.xml:6:5-67
11-->src\main\AndroidManifest.xml:6:22-64
12    <uses-permission android:name="android.permission.WAKE_LOCK" />
12-->src\main\AndroidManifest.xml:7:5-68
12-->src\main\AndroidManifest.xml:7:22-65
13    <uses-permission android:name="android.permission.VIBRATE" />
13-->src\main\AndroidManifest.xml:8:5-66
13-->src\main\AndroidManifest.xml:8:22-63
14    <uses-permission android:name="android.permission.ACCESS_NETWORK_STATE" />
14-->[io.realm:realm-android-library-object-server:5.1.0] AndroidManifest.xml:10:5-79
14-->[io.realm:realm-android-library-object-server:5.1.0] AndroidManifest.xml:10:22-76
15
16    <application
16-->src\main\AndroidManifest.xml:10:5-43:19
17        android:allowBackup="true"
17-->src\main\AndroidManifest.xml:11:9-35
18        android:appComponentFactory="androidx.core.app.CoreComponentFactory"
18-->[androidx.core:core:1.3.0] AndroidManifest.xml:24:18-86
19        android:debuggable="true"
20        android:icon="@mipmap/ic_launcher"
20-->src\main\AndroidManifest.xml:12:9-43
21        android:label="@string/app_name"
21-->src\main\AndroidManifest.xml:13:9-41
22        android:roundIcon="@mipmap/ic_launcher_round"
22-->src\main\AndroidManifest.xml:14:9-54
23        android:supportsRtl="true"
23-->src\main\AndroidManifest.xml:15:9-35
24        android:theme="@style/AppTheme"
24-->src\main\AndroidManifest.xml:16:9-40
25        android:usesCleartextTraffic="true" >
25-->src\main\AndroidManifest.xml:17:9-44
26        <activity android:name="com.azhar.moviedb.activities.SettingActivity" />
26-->src\main\AndroidManifest.xml:18:9-64
26-->src\main\AndroidManifest.xml:18:19-61
27        <activity android:name="com.azhar.moviedb.activities.DetailMovieActivity" />
27-->src\main\AndroidManifest.xml:19:9-68
27-->src\main\AndroidManifest.xml:19:19-65
28        <activity android:name="com.azhar.moviedb.activities.DetailTelevisionActivity" />
28-->src\main\AndroidManifest.xml:20:9-73
28-->src\main\AndroidManifest.xml:20:19-70
29        <activity
29-->src\main\AndroidManifest.xml:21:9-30:20
30            android:name="com.azhar.moviedb.activities.MainActivity"
30-->src\main\AndroidManifest.xml:22:13-52
31            android:configChanges="keyboardHidden|orientation|screenSize"
31-->src\main\AndroidManifest.xml:23:13-74
32            android:windowSoftInputMode="adjustPan" >
32-->src\main\AndroidManifest.xml:24:13-52
33            <intent-filter>
33-->src\main\AndroidManifest.xml:25:13-29:29
34                <action android:name="android.intent.action.MAIN" />
34-->src\main\AndroidManifest.xml:26:17-69
34-->src\main\AndroidManifest.xml:26:25-66
35
36                <category android:name="android.intent.category.LAUNCHER" />
36-->src\main\AndroidManifest.xml:28:17-77
36-->src\main\AndroidManifest.xml:28:27-74
37            </intent-filter>
38        </activity>
39
40        <receiver
40-->src\main\AndroidManifest.xml:32:9-36:47
41            android:name="com.azhar.moviedb.notification.NotificationReleaseReceiver"
41-->src\main\AndroidManifest.xml:33:13-69
42            android:enabled="true"
42-->src\main\AndroidManifest.xml:34:13-35
43            android:exported="true" />
43-->src\main\AndroidManifest.xml:35:13-36
44        <receiver
44-->src\main\AndroidManifest.xml:38:9-42:47
45            android:name="com.azhar.moviedb.notification.NotificationDailyReceiver"
45-->src\main\AndroidManifest.xml:39:13-67
46            android:enabled="true"
46-->src\main\AndroidManifest.xml:40:13-35
47            android:exported="true" />
47-->src\main\AndroidManifest.xml:41:13-36
48
49        <provider
49-->[androidx.lifecycle:lifecycle-process:2.2.0] AndroidManifest.xml:25:9-29:43
50            android:name="androidx.lifecycle.ProcessLifecycleOwnerInitializer"
50-->[androidx.lifecycle:lifecycle-process:2.2.0] AndroidManifest.xml:26:13-79
51            android:authorities="com.azhar.moviedb.lifecycle-process"
51-->[androidx.lifecycle:lifecycle-process:2.2.0] AndroidManifest.xml:27:13-69
52            android:exported="false"
52-->[androidx.lifecycle:lifecycle-process:2.2.0] AndroidManifest.xml:28:13-37
53            android:multiprocess="true" />
53-->[androidx.lifecycle:lifecycle-process:2.2.0] AndroidManifest.xml:29:13-40
54    </application>
55
56</manifest>